Performing C++ SOURCE FILE Test COMPILER_SUPPORTS_CXX11 failed with the following output:
Change Dir: C:/Users/rober/OneDrive/csc/CSC418/computer-graphics-raster-images/cmake-build-debug/CMakeFiles/CMakeTmp

Run Build Command:"nmake" "/nologo" "cmTC_63fba\fast"
	"C:\Program Files (x86)\Microsoft Visual Studio 14.0\VC\BIN\nmake.exe" -f CMakeFiles\cmTC_63fba.dir\build.make /nologo -L                  CMakeFiles\cmTC_63fba.dir\build
Building CXX object CMakeFiles/cmTC_63fba.dir/src.cxx.obj
	C:\PROGRA~2\MICROS~1.0\VC\bin\cl.exe @C:\Users\rober\AppData\Local\Temp\nm5216.tmp
cl : Command line warning D9002 : ignoring unknown option '-std=c++11'
src.cxx
Linking CXX executable cmTC_63fba.exe
	"D:\CLion 2018.3.3\bin\cmake\win\bin\cmake.exe" -E vs_link_exe --intdir=CMakeFiles\cmTC_63fba.dir --manifests  -- C:\PROGRA~2\MICROS~1.0\VC\bin\link.exe /nologo @CMakeFiles\cmTC_63fba.dir\objects1.rsp @C:\Users\rober\AppData\Local\Temp\nm5285.tmp

Source file was:
int main() { return 0; }
Performing C++ SOURCE FILE Test COMPILER_SUPPORTS_CXX0X failed with the following output:
Change Dir: C:/Users/rober/OneDrive/csc/CSC418/computer-graphics-raster-images/cmake-build-debug/CMakeFiles/CMakeTmp

Run Build Command:"nmake" "/nologo" "cmTC_aa5d9\fast"
	"C:\Program Files (x86)\Microsoft Visual Studio 14.0\VC\BIN\nmake.exe" -f CMakeFiles\cmTC_aa5d9.dir\build.make /nologo -L                  CMakeFiles\cmTC_aa5d9.dir\build
Building CXX object CMakeFiles/cmTC_aa5d9.dir/src.cxx.obj
	C:\PROGRA~2\MICROS~1.0\VC\bin\cl.exe @C:\Users\rober\AppData\Local\Temp\nm54A6.tmp
cl : Command line warning D9002 : ignoring unknown option '-std=c++0x'
src.cxx
Linking CXX executable cmTC_aa5d9.exe
	"D:\CLion 2018.3.3\bin\cmake\win\bin\cmake.exe" -E vs_link_exe --intdir=CMakeFiles\cmTC_aa5d9.dir --manifests  -- C:\PROGRA~2\MICROS~1.0\VC\bin\link.exe /nologo @CMakeFiles\cmTC_aa5d9.dir\objects1.rsp @C:\Users\rober\AppData\Local\Temp\nm5515.tmp

Source file was:
int main() { return 0; }
